ohos_build_compiler: gcc
hks_config_lite.h
Done. Made 77 targets from 68 files in 392ms
ninja: Entering directory `/home/czy/OpenHarmony/out/hispark_pegasus/wifiiot_hispark_pegasus'
[1/257] gcc cross compiler obj/applications/sample/wifi-iot/app/easy_wifi/libeasy_wifi.wifi_connecter.o
[2/257] gcc cross compiler obj/applications/sample/wifi-iot/app/easy_wifi/libeasy_wifi.wifi_starter.o
[3/257] gcc cross compiler obj/applications/sample/wifi-iot/app/helloworld/libhelloworld.helloworld.o
[4/257] gcc cross compiler obj/base/hiviewdfx/hievent_lite/frameworks/libhievent_lite.hiview_event.o
[5/257] gcc cross compiler obj/base/hiviewdfx/hievent_lite/frameworks/libhievent_lite.hiview_output_event.o
[6/257] gcc cross compiler obj/applications/sample/wifi-iot/app/wifo_demo/libwifi_demo.wifi_connect_demo.o
../../../applications/sample/wifi-iot/app/wifo_demo/wifi_connect_demo.c: In function 'WifiConnectTask':
../../../applications/sample/wifi-iot/app/wifo_demo/wifi_connect_demo.c:48:9: warning: unused variable 'netId' [-Wunused-variable]
     int netId = ConnectToHotspot(&apConfig);
         ^~~~~
[7/257] gcc cross compiler obj/base/hiviewdfx/hilog_lite/frameworks/mini/libhilog_lite.hiview_log_limit.o
[8/257] gcc cross compiler obj/applications/sample/wifi-iot/app/softbus/libsoftbus_demo.lite_softbus.o
../../../applications/sample/wifi-iot/app/softbus/lite_softbus.c: In function 'onBytesReceivedFunc':
../../../applications/sample/wifi-iot/app/softbus/lite_softbus.c:88:26: warning: pointer targets in passing argument 2 of 'SendBytes' differ in signedness [-Wpointer-sign]
     SendBytes(sessionId, testSendData, strlen(testSendData));
                          ^~~~~~~~~~~~
In file included from ../../../applications/sample/wifi-iot/app/softbus/lite_softbus.c:7:0:
../../../foundation/communication/softbus_lite/interfaces/kits/transport/session.h:135:5: note: expected 'const unsigned char *' but argument is of type 'char *'
 int SendBytes(int sessionId, const unsigned char *data, unsigned int len);
     ^~~~~~~~~
[9/257] gcc cross compiler obj/base/hiviewdfx/hilog_lite/frameworks/mini/libhilog_lite.hiview_output_log.o
[10/257] gcc cross compiler obj/base/hiviewdfx/hilog_lite/frameworks/mini/libhilog_lite.hiview_log.o
[11/257] gcc cross compiler obj/base/hiviewdfx/hiview_lite/libhiview_lite.hiview_util.o
[12/257] gcc cross compiler obj/base/security/deviceauth/frameworks/deviceauth_lite/source/auth_info/libhichainsdk.remove_auth_info_client.o
[13/257] gcc cross compiler obj/base/hiviewdfx/hiview_lite/blackbox/libblackbox.blackbox_core.o
In file included from ../../../base/hiviewdfx/hiview_lite/blackbox/blackbox_core.c:23:0:
../../../utils/native/lite/include/utils_list.h:380:0: warning: "OFFSET_OF_FIELD" redefined
 #define OFFSET_OF_FIELD(type, field) ((unsigned int)&((type *)0)->field)
 
In file included from ../../../device/hisilicon/hispark_pegasus/sdk_liteos/platform/os/Huawei_LiteOS/components/lib/libc/musl/include/pthread.h:15:0,
                 from ../../../base/hiviewdfx/hiview_lite/blackbox/blackbox_core.c:21:
../../../device/hisilicon/hispark_pegasus/sdk_liteos/platform/os/Huawei_LiteOS/kernel/include/los_list.h:267:0: note: this is the location of the previous definition
 #define OFFSET_OF_FIELD(type, field) ((UINT32)&(((type *)0)->field))
 
../../../base/hiviewdfx/hiview_lite/blackbox/blackbox_core.c: In function 'GetDirName':
../../../base/hiviewdfx/hiview_lite/blackbox/blackbox_core.c:57:17: warning: initialization discards 'const' qualifier from pointer target type [-Wdiscarded-qualifiers]
     char *end = path + strlen(path);
                 ^~~~
../../../base/hiviewdfx/hiview_lite/blackbox/blackbox_core.c: In function 'SaveErrorLog':
../../../base/hiviewdfx/hiview_lite/blackbox/blackbox_core.c:143:33: warning: unused parameter 'param' [-Wunused-parameter]
 static void* SaveErrorLog(void *param)
                                 ^~~~~
[14/257] gcc cross compiler obj/base/security/deviceauth/frameworks/deviceauth_lite/source/libhichainsdk.hichain.o
[15/257] gcc cross compiler obj/base/security/deviceauth/frameworks/deviceauth_lite/source/huks_adapter/libhichainsdk.huks_adapter.o
[16/257] gcc cross compiler obj/base/security/deviceauth/frameworks/deviceauth_lite/source/json/libhichainsdk.commonutil.o
[17/257] gcc cross compiler obj/base/security/deviceauth/frameworks/deviceauth_lite/source/json/libhichainsdk.jsonutil.o
[18/257] gcc cross compiler obj/base/security/deviceauth/frameworks/deviceauth_lite/source/key_agreement/libhichainsdk.key_agreement.o
[19/257] gcc cross compiler obj/base/hiviewdfx/hiview_lite/libhiview_lite.hiview_config.o
[20/257] gcc cross compiler obj/base/hiviewdfx/hiview_lite/libhiview_lite.hiview_cache.o
[21/257] gcc cross compiler obj/base/hiviewdfx/hiview_lite/libhiview_lite.hiview_service.o
[22/257] gcc cross compiler obj/base/hiviewdfx/hiview_lite/blackbox/libblackbox.blackbox_detector.o
[23/257] gcc cross compiler obj/base/hiviewdfx/hiview_lite/blackbox/libblackbox.blackbox_adapter.o
[24/257] gcc cross compiler obj/base/hiviewdfx/hiview_lite/hidumper_lite/mini/libhidumper_mini.hidumper_adapter.o
[25/257] gcc cross compiler obj/base/hiviewdfx/hiview_lite/libhiview_lite.hiview_file.o
../../../base/hiviewdfx/hiview_lite/hiview_file.c: In function 'ReadFileHeader':
../../../base/hiviewdfx/hiview_lite/hiview_file.c:123:12: warning: unused variable 't' [-Wunused-variable]
     uint32 t = (uint32)(HIVIEW_GetCurrentTime() / MS_PER_SECOND);
            ^
../../../base/hiviewdfx/hiview_lite/hiview_file.c: At top level:
../../../base/hiviewdfx/hiview_lite/hiview_file.c:23:15: warning: 'GetReadCursor' declared 'static' but never defined [-Wunused-function]
 static uint16 GetReadCursor(HiviewFile *fp);
               ^~~~~~~~~~~~~
[26/257] gcc cross compiler obj/base/security/deviceauth/frameworks/deviceauth_lite/source/auth_info/libhichainsdk.auth_info.o
[27/257] gcc cross compiler obj/base/security/deviceauth/frameworks/deviceauth_lite/source/auth_info/libhichainsdk.exchange_auth_info.o
[28/257] gcc cross compiler obj/base/hiviewdfx/hiview_lite/hidumper_lite/mini/libhidumper_mini.hidumper_core.o
[29/257] gcc cross compiler obj/base/security/deviceauth/frameworks/deviceauth_lite/source/auth_info/libhichainsdk.add_auth_info_client.o
[30/257] gcc cross compiler obj/base/security/deviceauth/frameworks/deviceauth_lite/source/auth_info/libhichainsdk.exchange_auth_info_client.o
[31/257] gcc cross compiler obj/base/security/deviceauth/frameworks/deviceauth_lite/source/auth_info/libhichainsdk.add_auth_info.o
[32/257] STAMP obj/base/startup/syspara_lite/frameworks/token/token_notes.stamp
[33/257] gcc cross compiler obj/base/startup/syspara_lite/frameworks/token/src/token_impl_hal/libtoken_static.token.o
[34/257] gcc cross compiler obj/base/update/ota_lite/frameworks/source/verify/libhota.hota_verify.o
In file included from ../../../base/update/ota_lite/frameworks/source/verify/hota_verify.c:21:0:
../../../base/update/ota_lite/hals/hal_hota_board.h:111:1: warning: function declaration isn't a prototype [-Wstrict-prototypes]
 const ComponentTableInfo *HotaHalGetPartitionInfo();
 ^~~~~
[35/257] gcc cross compiler obj/base/update/ota_lite/frameworks/source/verify/libhota.app_sha256.o
[36/257] gcc cross compiler obj/base/startup/syspara_lite/frameworks/parameter/src/param_impl_hal/libsysparam.param_impl_hal.o
[37/257] gcc cross compiler obj/base/security/huks/services/huks_standard/huks_service/main/core/src/libhuks_3.0_sdk.hks_client_service.o
../../../base/security/huks/services/huks_standard/huks_service/main/core/src/hks_client_service.c: In function 'HksServiceSignWithDeviceKey':
../../../base/security/huks/services/huks_standard/huks_service/main/core/src/hks_client_service.c:1214:59: warning: unused parameter 'processName' [-Wunused-parameter]
 int32_t HksServiceSignWithDeviceKey(const struct HksBlob *processName, uint32_t keyId,
                                                           ^~~~~~~~~~~
../../../base/security/huks/services/huks_standard/huks_service/main/core/src/hks_client_service.c:1214:81: warning: unused parameter 'keyId' [-Wunused-parameter]
 int32_t HksServiceSignWithDeviceKey(const struct HksBlob *processName, uint32_t keyId,
                                                                                 ^~~~~
../../../base/security/huks/services/huks_standard/huks_service/main/core/src/hks_client_service.c:1215:31: warning: unused parameter 'paramSet' [-Wunused-parameter]
     const struct HksParamSet *paramSet, const struct HksBlob *srcData, struct HksBlob *signature)
                               ^~~~~~~~
../../../base/security/huks/services/huks_standard/huks_service/main/core/src/hks_client_service.c:1215:63: warning: unused parameter 'srcData' [-Wunused-parameter]
     const struct HksParamSet *paramSet, const struct HksBlob *srcData, struct HksBlob *signature)
                                                               ^~~~~~~
../../../base/security/huks/services/huks_standard/huks_service/main/core/src/hks_client_service.c:1215:88: warning: unused parameter 'signature' [-Wunused-parameter]
     const struct HksParamSet *paramSet, const struct HksBlob *srcData, struct HksBlob *signature)
                                                                                        ^~~~~~~~~
../../../base/security/huks/services/huks_standard/huks_service/main/core/src/hks_client_service.c: In function 'HksServiceAttestKey':
../../../base/security/huks/services/huks_standard/huks_service/main/core/src/hks_client_service.c:1220:51: warning: unused parameter 'processName' [-Wunused-parameter]
 int32_t HksServiceAttestKey(const struct HksBlob *processName, const struct HksBlob *keyAlias,
                                                   ^~~~~~~~~~~
../../../base/security/huks/services/huks_standard/huks_service/main/core/src/hks_client_service.c:1220:86: warning: unused parameter 'keyAlias' [-Wunused-parameter]
 int32_t HksServiceAttestKey(const struct HksBlob *processName, const struct HksBlob *keyAlias,
                                                                                      ^~~~~~~~
../../../base/security/huks/services/huks_standard/huks_service/main/core/src/hks_client_service.c:1221:31: warning: unused parameter 'paramSet' [-Wunused-parameter]
     const struct HksParamSet *paramSet, struct HksBlob *certChain)
                               ^~~~~~~~
../../../base/security/huks/services/huks_standard/huks_service/main/core/src/hks_client_service.c:1221:57: warning: unused parameter 'certChain' [-Wunused-parameter]
     const struct HksParamSet *paramSet, struct HksBlob *certChain)
                                                         ^~~~~~~~~
../../../base/security/huks/services/huks_standard/huks_service/main/core/src/hks_client_service.c: In function 'HksServiceGetCertificateChain':
../../../base/security/huks/services/huks_standard/huks_service/main/core/src/hks_client_service.c:1226:61: warning: unused parameter 'processName' [-Wunused-parameter]
 int32_t HksServiceGetCertificateChain(const struct HksBlob *processName, const struct HksBlob *keyAlias,
                                                             ^~~~~~~~~~~
../../../base/security/huks/services/huks_standard/huks_service/main/core/src/hks_client_service.c:1226:96: warning: unused parameter 'keyAlias' [-Wunused-parameter]
 int32_t HksServiceGetCertificateChain(const struct HksBlob *processName, const struct HksBlob *keyAlias,
                                                                                                ^~~~~~~~
../../../base/security/huks/services/huks_standard/huks_service/main/core/src/hks_client_service.c:1227:31: warning: unused parameter 'paramSet' [-Wunused-parameter]
     const struct HksParamSet *paramSet, struct HksBlob *certChain)
                               ^~~~~~~~
../../../base/security/huks/services/huks_standard/huks_service/main/core/src/hks_client_service.c:1227:57: warning: unused parameter 'certChain' [-Wunused-parameter]
     const struct HksParamSet *paramSet, struct HksBlob *certChain)
                                                         ^~~~~~~~~
../../../base/security/huks/services/huks_standard/huks_service/main/core/src/hks_client_service.c: In function 'HksServiceWrapKey':
../../../base/security/huks/services/huks_standard/huks_service/main/core/src/hks_client_service.c:1232:49: warning: unused parameter 'processName' [-Wunused-parameter]
 int32_t HksServiceWrapKey(const struct HksBlob *processName, const struct HksBlob *keyAlias,
                                                 ^~~~~~~~~~~
../../../base/security/huks/services/huks_standard/huks_service/main/core/src/hks_client_service.c:1232:84: warning: unused parameter 'keyAlias' [-Wunused-parameter]
 int32_t HksServiceWrapKey(const struct HksBlob *processName, const struct HksBlob *keyAlias,
                                                                                    ^~~~~~~~
../../../base/security/huks/services/huks_standard/huks_service/main/core/src/hks_client_service.c:1233:27: warning: unused parameter 'targetKeyAlias' [-Wunused-parameter]
     const struct HksBlob *targetKeyAlias, const struct HksParamSet *paramSet, struct HksBlob *wrappedData)
                           ^~~~~~~~~~~~~~
../../../base/security/huks/services/huks_standard/huks_service/main/core/src/hks_client_service.c:1233:69: warning: unused parameter 'paramSet' [-Wunused-parameter]
     const struct HksBlob *targetKeyAlias, const struct HksParamSet *paramSet, struct HksBlob *wrappedData)
                                                                     ^~~~~~~~
../../../base/security/huks/services/huks_standard/huks_service/main/core/src/hks_client_service.c:1233:95: warning: unused parameter 'wrappedData' [-Wunused-parameter]
     const struct HksBlob *targetKeyAlias, const struct HksParamSet *paramSet, struct HksBlob *wrappedData)
                                                                                               ^~~~~~~~~~~
../../../base/security/huks/services/huks_standard/huks_service/main/core/src/hks_client_service.c: In function 'HksServiceUnwrapKey':
../../../base/security/huks/services/huks_standard/huks_service/main/core/src/hks_client_service.c:1238:51: warning: unused parameter 'processName' [-Wunused-parameter]
 int32_t HksServiceUnwrapKey(const struct HksBlob *processName, const struct HksBlob *keyAlias,
                                                   ^~~~~~~~~~~
../../../base/security/huks/services/huks_standard/huks_service/main/core/src/hks_client_service.c:1238:86: warning: unused parameter 'keyAlias' [-Wunused-parameter]
 int32_t HksServiceUnwrapKey(const struct HksBlob *processName, const struct HksBlob *keyAlias,
                                                                                      ^~~~~~~~
../../../base/security/huks/services/huks_standard/huks_service/main/core/src/hks_client_service.c:1239:27: warning: unused parameter 'targetKeyAlias' [-Wunused-parameter]
     const struct HksBlob *targetKeyAlias, const struct HksBlob *wrappedData, const struct HksParamSet *paramSet)
                           ^~~~~~~~~~~~~~
../../../base/security/huks/services/huks_standard/huks_service/main/core/src/hks_client_service.c:1239:65: warning: unused parameter 'wrappedData' [-Wunused-parameter]
     const struct HksBlob *targetKeyAlias, const struct HksBlob *wrappedData, const struct HksParamSet *paramSet)
                                                                 ^~~~~~~~~~~
../../../base/security/huks/services/huks_standard/huks_service/main/core/src/hks_client_service.c:1239:104: warning: unused parameter 'paramSet' [-Wunused-parameter]
     const struct HksBlob *targetKeyAlias, const struct HksBlob *wrappedData, const struct HksParamSet *paramSet)
                                                                                                        ^~~~~~~~
../../../base/security/huks/services/huks_standard/huks_service/main/core/src/hks_client_service.c: In function 'HksServiceProvision':
../../../base/security/huks/services/huks_standard/huks_service/main/core/src/hks_client_service.c:1244:51: warning: unused parameter 'srcData' [-Wunused-parameter]
 int32_t HksServiceProvision(const struct HksBlob *srcData, const struct HksBlob *challengeIn)
                                                   ^~~~~~~
../../../base/security/huks/services/huks_standard/huks_service/main/core/src/hks_client_service.c:1244:82: warning: unused parameter 'challengeIn' [-Wunused-parameter]
 int32_t HksServiceProvision(const struct HksBlob *srcData, const struct HksBlob *challengeIn)
                                                                                  ^~~~~~~~~~~
../../../base/security/huks/services/huks_standard/huks_service/main/core/src/hks_client_service.c: In function 'HksServiceProvisionVerify':
../../../base/security/huks/services/huks_standard/huks_service/main/core/src/hks_client_service.c:1249:57: warning: unused parameter 'srcData' [-Wunused-parameter]
 int32_t HksServiceProvisionVerify(const struct HksBlob *srcData, const struct HksBlob *challengeIn)
                                                         ^~~~~~~
../../../base/security/huks/services/huks_standard/huks_service/main/core/src/hks_client_service.c:1249:88: warning: unused parameter 'challengeIn' [-Wunused-parameter]
 int32_t HksServiceProvisionVerify(const struct HksBlob *srcData, const struct HksBlob *challengeIn)
                                                                                        ^~~~~~~~~~~
../../../base/security/huks/services/huks_standard/huks_service/main/core/src/hks_client_service.c: In function 'HksServiceExportTrustCerts':
../../../base/security/huks/services/huks_standard/huks_service/main/core/src/hks_client_service.c:1254:58: warning: unused parameter 'processName' [-Wunused-parameter]
 int32_t HksServiceExportTrustCerts(const struct HksBlob *processName, struct HksBlob *certChain)
                                                          ^~~~~~~~~~~
../../../base/security/huks/services/huks_standard/huks_service/main/core/src/hks_client_service.c:1254:87: warning: unused parameter 'certChain' [-Wunused-parameter]
 int32_t HksServiceExportTrustCerts(const struct HksBlob *processName, struct HksBlob *certChain)
                                                                                       ^~~~~~~~~
[38/257] gcc cross compiler obj/base/security/deviceauth/frameworks/deviceauth_lite/source/key_agreement/libhichainsdk.key_agreement_client.o
[39/257] gcc cross compiler obj/base/startup/syspara_lite/frameworks/parameter/src/libsysparam.parameter_common.o
../../../base/startup/syspara_lite/frameworks/parameter/src/parameter_common.c: In function 'GetSha256Value':
../../../base/startup/syspara_lite/frameworks/parameter/src/parameter_common.c:274:40: warning: pointer targets in passing argument 2 of 'mbedtls_sha256_update_ret' differ in signedness [-Wpointer-sign]
    mbedtls_sha256_update_ret(&context, input, strlen(input));
                                        ^~~~~
In file included from ../../../base/startup/syspara_lite/frameworks/parameter/src/parameter_common.c:22:0:
../../../third_party/mbedtls/include/mbedtls/sha256.h:148:5: note: expected 'const unsigned char *' but argument is of type 'const char *'
 int mbedtls_sha256_update_ret( mbedtls_sha256_context *ctx,
     ^~~~~~~~~~~~~~~~~~~~~~~~~
[40/257] gcc cross compiler obj/base/security/deviceauth/frameworks/deviceauth_lite/source/key_agreement/libhichainsdk.key_agreement_server.o
[41/257] gcc cross compiler obj/base/security/deviceauth/frameworks/deviceauth_lite/source/key_agreement/libhichainsdk.sec_clone_server.o
[42/257] gcc cross compiler obj/base/security/deviceauth/frameworks/deviceauth_lite/source/key_agreement/libhichainsdk.sts_client.o
[43/257] gcc cross compiler obj/base/security/deviceauth/frameworks/deviceauth_lite/source/key_agreement/libhichainsdk.pake_client.o
[44/257] gcc cross compiler obj/base/security/deviceauth/frameworks/deviceauth_lite/source/key_agreement/libhichainsdk.pake_server.o
[45/257] gcc cross compiler obj/base/security/deviceauth/frameworks/deviceauth_lite/source/key_agreement/libhichainsdk.sts_server.o
[46/257] gcc cross compiler obj/base/security/deviceauth/frameworks/deviceauth_lite/source/log/libhichainsdk.log.o
[47/257] gcc cross compiler obj/base/security/deviceauth/frameworks/deviceauth_lite/source/schedule/libhichainsdk.build_object.o
[48/257] gcc cross compiler obj/base/security/deviceauth/frameworks/deviceauth_lite/source/struct/libhichainsdk.add_auth_info_request.o
[49/257] gcc cross compiler obj/base/security/deviceauth/frameworks/deviceauth_lite/source/schedule/libhichainsdk.distribution.o
[50/257] gcc cross compiler obj/base/security/deviceauth/frameworks/deviceauth_lite/source/struct/libhichainsdk.add_auth_info_data.o
[51/257] gcc cross compiler obj/base/security/deviceauth/frameworks/deviceauth_lite/source/struct/libhichainsdk.add_auth_info_response.o
[52/257] gcc cross compiler obj/base/security/deviceauth/frameworks/deviceauth_lite/source/struct/libhichainsdk.auth_ack_request.o
[53/257] gcc cross compiler obj/base/security/deviceauth/frameworks/deviceauth_lite/source/struct/libhichainsdk.auth_start_response.o
[54/257] gcc cross compiler obj/base/security/deviceauth/frameworks/deviceauth_lite/source/struct/libhichainsdk.auth_ack_response.o
[55/257] gcc cross compiler obj/base/security/deviceauth/frameworks/deviceauth_lite/source/struct/libhichainsdk.exchange_auth_data.o
[56/257] gcc cross compiler obj/base/security/deviceauth/frameworks/deviceauth_lite/source/struct/libhichainsdk.exchange_request.o
[57/257] gcc cross compiler obj/base/security/deviceauth/frameworks/deviceauth_lite/source/struct/libhichainsdk.auth_start_request.o
[58/257] gcc cross compiler obj/base/security/deviceauth/frameworks/deviceauth_lite/source/struct/libhichainsdk.inform_message.o
[59/257] gcc cross compiler obj/base/security/deviceauth/frameworks/deviceauth_lite/source/struct/libhichainsdk.exchange_response.o
[60/257] gcc cross compiler obj/base/security/deviceauth/frameworks/deviceauth_lite/source/struct/libhichainsdk.pake_client_confirm.o
[61/257] gcc cross compiler obj/base/security/deviceauth/frameworks/deviceauth_lite/source/struct/libhichainsdk.import_add_auth_data.o
[62/257] gcc cross compiler obj/base/security/deviceauth/frameworks/deviceauth_lite/source/struct/libhichainsdk.key_agreement_version.o
[63/257] gcc cross compiler obj/base/security/deviceauth/frameworks/deviceauth_lite/source/struct/libhichainsdk.pake_request.o
[64/257] gcc cross compiler obj/base/security/deviceauth/frameworks/deviceauth_lite/source/struct/libhichainsdk.parsedata.o
[65/257] gcc cross compiler obj/base/security/deviceauth/frameworks/deviceauth_lite/source/struct/libhichainsdk.pake_response.o
[66/257] gcc cross compiler obj/base/security/deviceauth/frameworks/deviceauth_lite/source/struct/libhichainsdk.rmv_auth_info_data.o
[67/257] gcc cross compiler obj/base/security/deviceauth/frameworks/deviceauth_lite/source/struct/libhichainsdk.rmv_auth_info_request.o
[68/257] gcc cross compiler obj/base/security/deviceauth/frameworks/deviceauth_lite/source/struct/libhichainsdk.rmv_auth_info_response.o
[69/257] gcc cross compiler obj/base/security/deviceauth/frameworks/deviceauth_lite/source/struct/libhichainsdk.pake_server_confirm.o
[70/257] gcc cross compiler obj/base/security/deviceauth/frameworks/deviceauth_lite/source/struct/libhichainsdk.sec_clone_data.o
[71/257] gcc cross compiler obj/base/security/huks/services/huks_standard/huks_service/main/os_dependency/posix/libhuks_3.0_sdk.hks_file_operator_lite.o
[72/257] gcc cross compiler obj/base/security/huks/services/huks_standard/huks_service/main/core/src/libhuks_3.0_sdk.hks_client_service_adapter_lite.o
[73/257] gcc cross compiler obj/base/security/huks/services/huks_standard/huks_service/main/core/src/libhuks_3.0_sdk.hks_upgrade_storage_data.o
[74/257] gcc cross compiler obj/base/security/huks/frameworks/huks_standard/main/common/src/libhuks_3.0_sdk.hks_common_check.o
[75/257] gcc cross compiler obj/base/security/huks/frameworks/huks_standard/main/os_dependency/ipc/src/libhuks_3.0_sdk.hks_client_service_passthrough.o
[76/257] gcc cross compiler obj/base/security/huks/services/huks_standard/huks_service/main/core/src/libhuks_3.0_sdk.hks_client_check.o
[77/257] gcc cross compiler obj/base/security/huks/frameworks/huks_standard/main/common/src/libhuks_3.0_sdk.hks_crypto_adapter.o
[78/257] gcc cross compiler obj/base/security/huks/frameworks/huks_standard/main/os_dependency/sysinfo/src/libhuks_3.0_sdk.hks_get_process_info_passthrough.o
[79/257] gcc cross compiler obj/base/security/huks/frameworks/huks_standard/main/os_dependency/sysinfo/src/libhuks_3.0_sdk.hks_get_udid.o
[80/257] gcc cross compiler obj/base/security/huks/frameworks/huks_standard/main/common/src/libhuks_3.0_sdk.hks_param.o
[81/257] gcc cross compiler obj/base/security/huks/frameworks/huks_standard/main/os_dependency/posix/libhuks_3.0_sdk.hks_mem.o
[82/257] gcc cross compiler obj/base/security/huks/frameworks/huks_standard/main/core/src/libhuks_3.0_sdk.hks_local_engine.o
[83/257] gcc cross compiler obj/base/security/huks/services/huks_standard/huks_engine/main/core/src/libhuks_3.0_sdk.hks_auth.o
[84/257] gcc cross compiler obj/base/security/huks/frameworks/huks_standard/main/common/src/libhuks_3.0_sdk.hks_check_paramset.o
../../../base/security/huks/frameworks/huks_standard/main/common/src/hks_check_paramset.c:309:16: warning: 'CheckSignVerifyParamsByAlg' defined but not used [-Wunused-function]
 static int32_t CheckSignVerifyParamsByAlg(uint32_t cmdId, uint32_t alg, const struct ParamsValues *inputParams)
                ^~~~~~~~~~~~~~~~~~~~~~~~~~
[85/257] gcc cross compiler obj/base/security/huks/services/huks_standard/huks_engine/main/core/src/libhuks_3.0_sdk.hks_core_service.o
[86/257] gcc cross compiler obj/base/security/huks/services/huks_standard/huks_engine/main/core/src/libhuks_3.0_sdk.hks_keyblob.o
[87/257] gcc cross compiler obj/base/security/huks/frameworks/huks_standard/main/common/src/libhuks_3.0_sdk.hks_base_check.o
../../../base/security/huks/frameworks/huks_standard/main/common/src/hks_base_check.c: In function 'HksCheckSignature':
../../../base/security/huks/frameworks/huks_standard/main/common/src/hks_base_check.c:1016:36: warning: unused parameter 'cmdId' [-Wunused-parameter]
 int32_t HksCheckSignature(uint32_t cmdId, uint32_t alg, const struct HksBlob *key, const struct HksBlob *signature)
                                    ^~~~~
../../../base/security/huks/frameworks/huks_standard/main/common/src/hks_base_check.c:1016:106: warning: unused parameter 'signature' [-Wunused-parameter]
 int32_t HksCheckSignature(uint32_t cmdId, uint32_t alg, const struct HksBlob *key, const struct HksBlob *signature)
                                                                                                          ^~~~~~~~~
[88/257] gcc cross compiler obj/base/security/huks/services/huks_standard/huks_engine/main/core/src/libhuks_3.0_sdk.hks_rkc_rw.o
[89/257] gcc cross compiler obj/base/security/huks/services/huks_standard/huks_engine/main/core/src/libhuks_3.0_sdk.hks_rkc.o
[90/257] gcc cross compiler obj/base/security/huks/interfaces/innerkits/huks_standard/main/src/libhuks_3.0_sdk.hks_api.o
[91/257] gcc cross compiler obj/base/security/huks/services/huks_standard/huks_engine/main/core/src/libhuks_3.0_sdk.hks_upgrade_key_info.o
[92/257] gcc cross compiler obj/base/security/huks/services/huks_standard/huks_service/main/core/src/libhuks_3.0_sdk.hks_storage_adapter.o
[93/257] gcc cross compiler obj/base/security/huks/services/huks_standard/huks_service/main/core/src/libhuks_3.0_sdk.hks_storage_lite.o
[94/257] gcc cross compiler obj/base/security/huks/services/huks_standard/huks_engine/main/core/src/libhuks_3.0_sdk.hks_keyblob_lite.o
[95/257] gcc cross compiler obj/base/security/huks/interfaces/innerkits/huks_lite/libhuks_3.0_sdk.hks_tmp_client.o
[96/257] gcc cross compiler obj/base/security/huks/frameworks/huks_standard/main/crypto_engine/mbedtls/src/libhuks_3.0_sdk.hks_crypto_ed25519.o
[97/257] gcc cross compiler obj/base/security/huks/frameworks/huks_standard/main/crypto_engine/mbedtls/src/libhuks_3.0_sdk.hks_mbedtls_aes.o
[98/257] gcc cross compiler obj/base/security/huks/services/huks_standard/huks_service/main/os_dependency/idl/passthrough/libhuks_3.0_sdk.hks_passthrough_access.o
../../../base/security/huks/services/huks_standard/huks_service/main/os_dependency/idl/passthrough/hks_passthrough_access.c: In function 'HksAccessProcessInit':
../../../base/security/huks/services/huks_standard/huks_service/main/os_dependency/idl/passthrough/hks_passthrough_access.c:96:39: warning: unused parameter 'msgId' [-Wunused-parameter]
 int32_t HksAccessProcessInit(uint32_t msgId, const struct HksBlob *key, const struct HksParamSet *paramSet,
                                       ^~~~~
../../../base/security/huks/services/huks_standard/huks_service/main/os_dependency/idl/passthrough/hks_passthrough_access.c:96:68: warning: unused parameter 'key' [-Wunused-parameter]
 int32_t HksAccessProcessInit(uint32_t msgId, const struct HksBlob *key, const struct HksParamSet *paramSet,
                                                                    ^~~
../../../base/security/huks/services/huks_standard/huks_service/main/os_dependency/idl/passthrough/hks_passthrough_access.c:96:99: warning: unused parameter 'paramSet' [-Wunused-parameter]
 int32_t HksAccessProcessInit(uint32_t msgId, const struct HksBlob *key, const struct HksParamSet *paramSet,
                                                                                                   ^~~~~~~~
../../../base/security/huks/services/huks_standard/huks_service/main/os_dependency/idl/passthrough/hks_passthrough_access.c:97:15: warning: unused parameter 'operationHandle' [-Wunused-parameter]
     uint64_t *operationHandle)
               ^~~~~~~~~~~~~~~
../../../base/security/huks/services/huks_standard/huks_service/main/os_dependency/idl/passthrough/hks_passthrough_access.c: In function 'HksAccessProcessMultiUpdate':
../../../base/security/huks/services/huks_standard/huks_service/main/os_dependency/idl/passthrough/hks_passthrough_access.c:102:46: warning: unused parameter 'msgId' [-Wunused-parameter]
 int32_t HksAccessProcessMultiUpdate(uint32_t msgId, uint64_t operationHandle, const struct HksBlob *inData,
                                              ^~~~~
../../../base/security/huks/services/huks_standard/huks_service/main/os_dependency/idl/passthrough/hks_passthrough_access.c:102:62: warning: unused parameter 'operationHandle' [-Wunused-parameter]
 int32_t HksAccessProcessMultiUpdate(uint32_t msgId, uint64_t operationHandle, const struct HksBlob *inData,
                                                              ^~~~~~~~~~~~~~~
../../../base/security/huks/services/huks_standard/huks_service/main/os_dependency/idl/passthrough/hks_passthrough_access.c:102:101: warning: unused parameter 'inData' [-Wunused-parameter]
 int32_t HksAccessProcessMultiUpdate(uint32_t msgId, uint64_t operationHandle, const struct HksBlob *inData,
                                                                                                     ^~~~~~
../../../base/security/huks/services/huks_standard/huks_service/main/os_dependency/idl/passthrough/hks_passthrough_access.c:103:21: warning: unused parameter 'outData' [-Wunused-parameter]
     struct HksBlob *outData)
                     ^~~~~~~
../../../base/security/huks/services/huks_standard/huks_service/main/os_dependency/idl/passthrough/hks_passthrough_access.c: In function 'HksAccessProcessFinal':
../../../base/security/huks/services/huks_standard/huks_service/main/os_dependency/idl/passthrough/hks_passthrough_access.c:108:40: warning: unused parameter 'msgId' [-Wunused-parameter]
 int32_t HksAccessProcessFinal(uint32_t msgId, uint64_t operationHandle, const struct HksBlob *inData,
                                        ^~~~~
../../../base/security/huks/services/huks_standard/huks_service/main/os_dependency/idl/passthrough/hks_passthrough_access.c:108:56: warning: unused parameter 'operationHandle' [-Wunused-parameter]
 int32_t HksAccessProcessFinal(uint32_t msgId, uint64_t operationHandle, const struct HksBlob *inData,
                                                        ^~~~~~~~~~~~~~~
../../../base/security/huks/services/huks_standard/huks_service/main/os_dependency/idl/passthrough/hks_passthrough_access.c:108:95: warning: unused parameter 'inData' [-Wunused-parameter]
 int32_t HksAccessProcessFinal(uint32_t msgId, uint64_t operationHandle, const struct HksBlob *inData,
                                                                                               ^~~~~~
../../../base/security/huks/services/huks_standard/huks_service/main/os_dependency/idl/passthrough/hks_passthrough_access.c:109:21: warning: unused parameter 'outData' [-Wunused-parameter]
     struct HksBlob *outData)
                     ^~~~~~~
[99/257] gcc cross compiler obj/base/security/huks/frameworks/huks_standard/main/crypto_engine/mbedtls/src/libhuks_3.0_sdk.hks_mbedtls_bn.o
[100/257] gcc cross compiler obj/base/security/huks/frameworks/huks_standard/main/crypto_engine/mbedtls/src/libhuks_3.0_sdk.hks_mbedtls_common.o
[101/257] gcc cross compiler obj/base/security/huks/frameworks/huks_standard/main/crypto_engine/mbedtls/src/libhuks_3.0_sdk.hks_mbedtls_ecc.o
[102/257] gcc cross compiler obj/base/security/huks/frameworks/huks_standard/main/crypto_engine/mbedtls/src/libhuks_3.0_sdk.hks_mbedtls_ecdh.o
[103/257] gcc cross compiler obj/base/security/huks/frameworks/huks_standard/main/crypto_engine/mbedtls/src/libhuks_3.0_sdk.hks_mbedtls_ecdsa.o
[104/257] gcc cross compiler obj/base/security/huks/frameworks/huks_standard/main/crypto_engine/mbedtls/src/libhuks_3.0_sdk.hks_mbedtls_hash.o
[105/257] gcc cross compiler obj/base/security/huks/frameworks/huks_standard/main/crypto_engine/mbedtls/src/libhuks_3.0_sdk.hks_mbedtls_hmac.o
[106/257] gcc cross compiler obj/base/security/huks/frameworks/huks_standard/main/crypto_engine/mbedtls/src/libhuks_3.0_sdk.hks_mbedtls_engine.o
../../../base/security/huks/frameworks/huks_standard/main/crypto_engine/mbedtls/src/hks_mbedtls_engine.c: In function 'HksCryptoHalSign':
../../../base/security/huks/frameworks/huks_standard/main/crypto_engine/mbedtls/src/hks_mbedtls_engine.c:207:48: warning: unused parameter 'key' [-Wunused-parameter]
 int32_t HksCryptoHalSign(const struct HksBlob *key, const struct HksUsageSpec *usageSpec,
                                                ^~~
../../../base/security/huks/frameworks/huks_standard/main/crypto_engine/mbedtls/src/hks_mbedtls_engine.c:208:27: warning: unused parameter 'message' [-Wunused-parameter]
     const struct HksBlob *message, struct HksBlob *signature)
                           ^~~~~~~
../../../base/security/huks/frameworks/huks_standard/main/crypto_engine/mbedtls/src/hks_mbedtls_engine.c:208:52: warning: unused parameter 'signature' [-Wunused-parameter]
     const struct HksBlob *message, struct HksBlob *signature)
                                                    ^~~~~~~~~
../../../base/security/huks/frameworks/huks_standard/main/crypto_engine/mbedtls/src/hks_mbedtls_engine.c: In function 'HksCryptoHalVerify':
../../../base/security/huks/frameworks/huks_standard/main/crypto_engine/mbedtls/src/hks_mbedtls_engine.c:229:50: warning: unused parameter 'key' [-Wunused-parameter]
 int32_t HksCryptoHalVerify(const struct HksBlob *key, const struct HksUsageSpec *usageSpec,
                                                  ^~~
../../../base/security/huks/frameworks/huks_standard/main/crypto_engine/mbedtls/src/hks_mbedtls_engine.c:230:27: warning: unused parameter 'message' [-Wunused-parameter]
     const struct HksBlob *message, const struct HksBlob *signature)
                           ^~~~~~~
../../../base/security/huks/frameworks/huks_standard/main/crypto_engine/mbedtls/src/hks_mbedtls_engine.c:230:58: warning: unused parameter 'signature' [-Wunused-parameter]
     const struct HksBlob *message, const struct HksBlob *signature)
                                                          ^~~~~~~~~
[107/257] gcc cross compiler obj/base/startup/bootstrap_lite/services/source/libbootstrap.bootstrap_service.o
[108/257] gcc cross compiler obj/base/security/huks/frameworks/huks_standard/main/crypto_engine/mbedtls/src/libhuks_3.0_sdk.hks_mbedtls_rsa.o
[109/257] STAMP obj/base/update/ota_lite/frameworks/update_api.stamp
[110/257] gcc cross compiler obj/base/security/huks/frameworks/huks_standard/main/crypto_engine/mbedtls/src/libhuks_3.0_sdk.hks_mbedtls_kdf.o
[111/257] gcc cross compiler obj/base/security/huks/frameworks/huks_standard/main/crypto_engine/mbedtls/src/libhuks_3.0_sdk.hks_mbedtls_x25519.o
[112/257] gcc cross compiler obj/base/startup/bootstrap_lite/services/source/libbootstrap.system_init.o
[113/257] gcc cross compiler obj/third_party/cJSON/libcjson_static.cJSON.o
[114/257] STAMP obj/build/lite/config/component/cJSON/cjson_shared.stamp
[115/257] gcc cross compiler obj/third_party/cJSON/libcjson_static.cJSON_Utils.o
[116/257] STAMP obj/base/update/ota_lite/frameworks/test.stamp
[117/257] STAMP obj/device/hisilicon/hispark_pegasus/hispark_pegasus.stamp
[118/257] gcc cross compiler obj/base/update/ota_lite/frameworks/source/verify/libhota.app_rsa.o
[119/257] STAMP obj/build/lite/ndk.stamp
[120/257] gcc cross compiler obj/device/hisilicon/hispark_pegasus/hi3861_adapter/hals/update/libhal_update_static.hal_hota_board.o
In file included from ../../../device/hisilicon/hispark_pegasus/hi3861_adapter/hals/update/hal_hota_board.c:16:0:
../../../base/update/ota_lite/hals/hal_hota_board.h:111:1: warning: function declaration isn't a prototype [-Wstrict-prototypes]
 const ComponentTableInfo *HotaHalGetPartitionInfo();
 ^~~~~
../../../device/hisilicon/hispark_pegasus/hi3861_adapter/hals/update/hal_hota_board.c:148:27: warning: function declaration isn't a prototype [-Wstrict-prototypes]
 const ComponentTableInfo *HotaHalGetPartitionInfo()
                           ^~~~~~~~~~~~~~~~~~~~~~~
../../../device/hisilicon/hispark_pegasus/hi3861_adapter/hals/update/hal_hota_board.c: In function 'HotaHalGetOtaPkgPath':
../../../device/hisilicon/hispark_pegasus/hi3861_adapter/hals/update/hal_hota_board.c:172:15: warning: implicit declaration of function 'strcpy_s' [-Wimplicit-function-declaration]
     int ret = strcpy_s(path, len ,"/sdcard");
               ^~~~~~~~
../../../device/hisilicon/hispark_pegasus/hi3861_adapter/hals/update/hal_hota_board.c: In function 'HotaHalGetMetaData':
../../../device/hisilicon/hispark_pegasus/hi3861_adapter/hals/update/hal_hota_board.c:184:40: warning: unused parameter 'metaData' [-Wunused-parameter]
 int HotaHalGetMetaData(UpdateMetaData *metaData)
                                        ^~~~~~~~
../../../device/hisilicon/hispark_pegasus/hi3861_adapter/hals/update/hal_hota_board.c: In function 'HotaHalSetMetaData':
../../../device/hisilicon/hispark_pegasus/hi3861_adapter/hals/update/hal_hota_board.c:189:40: warning: unused parameter 'metaData' [-Wunused-parameter]
 int HotaHalSetMetaData(UpdateMetaData *metaData)
                                        ^~~~~~~~
../../../device/hisilicon/hispark_pegasus/hi3861_adapter/hals/update/hal_hota_board.c: In function 'HotaHalCheckVersionValid':
../../../device/hisilicon/hispark_pegasus/hi3861_adapter/hals/update/hal_hota_board.c:206:13: warning: implicit declaration of function 'strncmp' [-Wimplicit-function-declaration]
     return (strncmp(currentVersion, pkgVersion, pkgVersionLength) == 0) ? 1 : 0;
             ^~~~~~~
[121/257] gcc cross compiler obj/base/update/ota_lite/frameworks/source/updater/libhota.hota_updater.o
In file included from ../../../base/update/ota_lite/frameworks/source/updater/hota_updater.c:23:0:
../../../base/update/ota_lite/hals/hal_hota_board.h:111:1: warning: function declaration isn't a prototype [-Wstrict-prototypes]
 const ComponentTableInfo *HotaHalGetPartitionInfo();
 ^~~~~
../../../base/update/ota_lite/frameworks/source/updater/hota_updater.c: In function 'GetCurrentDloadCompPartition':
../../../base/update/ota_lite/frameworks/source/updater/hota_updater.c:447:21: warning: pointer targets in passing argument 1 of 'strncmp' differ in signedness [-Wpointer-sign]
         if (strncmp((unsigned char *)(g_otaComponents[i].componentName),
                     ^
In file included from ../../../third_party/bounds_checking_function/include/securectype.h:301:0,
                 from ../../../third_party/bounds_checking_function/include/securec.h:21,
                 from ../../../base/update/ota_lite/frameworks/source/updater/hota_updater.c:21:
../../../device/hisilicon/hispark_pegasus/sdk_liteos/platform/os/Huawei_LiteOS/components/lib/libc/musl/include/string.h:280:5: note: expected 'const char *' but argument is of type 'unsigned char *'
 int strncmp (const char *, const char *, size_t);
     ^~~~~~~
../../../base/update/ota_lite/frameworks/source/updater/hota_updater.c:448:13: warning: pointer targets in passing argument 2 of 'strncmp' differ in signedness [-Wpointer-sign]
             g_componentInfos.table[g_currentDloadComp.index - 1].addr,
             ^~~~~~~~~~~~~~~~
In file included from ../../../third_party/bounds_checking_function/include/securectype.h:301:0,
                 from ../../../third_party/bounds_checking_function/include/securec.h:21,
                 from ../../../base/update/ota_lite/frameworks/source/updater/hota_updater.c:21:
../../../device/hisilicon/hispark_pegasus/sdk_liteos/platform/os/Huawei_LiteOS/components/lib/libc/musl/include/string.h:280:5: note: expected 'const char *' but argument is of type 'unsigned char *'
 int strncmp (const char *, const char *, size_t);
     ^~~~~~~
../../../base/update/ota_lite/frameworks/source/updater/hota_updater.c: In function 'HotaInit':
../../../base/update/ota_lite/frameworks/source/updater/hota_updater.c:598:21: warning: assignment discards 'const' qualifier from pointer target type [-Wdiscarded-qualifiers]
     g_otaComponents = HotaHalGetPartitionInfo();
                     ^
[122/257] gcc cross compiler obj/device/hisilicon/hispark_pegasus/hi3861_adapter/hals/communication/wifi_lite/wifiservice/source/libwifiservice.wifi_device_util.o
[123/257] gcc cross compiler obj/device/hisilicon/hispark_pegasus/hi3861_adapter/hals/communication/wifi_lite/wifiservice/source/libwifiservice.wifi_hotspot.o
../../../device/hisilicon/hispark_pegasus/hi3861_adapter/hals/communication/wifi_lite/wifiservice/source/wifi_hotspot.c: In function 'GetPeerSTAWifiIp':
../../../device/hisilicon/hispark_pegasus/hi3861_adapter/hals/communication/wifi_lite/wifiservice/source/wifi_hotspot.c:236:52: warning: passing argument 2 of 'netifapi_dhcps_get_client_ip' discards 'const' qualifier from pointer target type [-Wdiscarded-qualifiers]
     ret = netifapi_dhcps_get_client_ip(netif_node, macAddress, macLen, &clientIP);
                                                    ^~~~~~~~~~
In file included from ../../../device/hisilicon/hispark_pegasus/hi3861_adapter/hals/communication/wifi_lite/wifiservice/source/wifi_hotspot.c:19:0:
../../../device/hisilicon/hispark_pegasus/sdk_liteos/third_party/lwip_sack/include/lwip/netifapi.h:1155:7: note: expected 'u8_t * {aka unsigned char *}' but argument is of type 'const unsigned char *'
 err_t netifapi_dhcps_get_client_ip(struct netif *netif, u8_t *mac, u8_t maclen, ip_addr_t *ip);
       ^~~~~~~~~~~~~~~~~~~~~~~~~~~~
../../../device/hisilicon/hispark_pegasus/hi3861_adapter/hals/communication/wifi_lite/wifiservice/source/wifi_hotspot.c:236:72: warning: passing argument 4 of 'netifapi_dhcps_get_client_ip' from incompatible pointer type [-Wincompatible-pointer-types]
     ret = netifapi_dhcps_get_client_ip(netif_node, macAddress, macLen, &clientIP);
                                                                        ^
In file included from ../../../device/hisilicon/hispark_pegasus/hi3861_adapter/hals/communication/wifi_lite/wifiservice/source/wifi_hotspot.c:19:0:
../../../device/hisilicon/hispark_pegasus/sdk_liteos/third_party/lwip_sack/include/lwip/netifapi.h:1155:7: note: expected 'ip_addr_t * {aka struct ip_addr *}' but argument is of type 'ip4_addr_t * {aka struct ip4_addr *}'
 err_t netifapi_dhcps_get_client_ip(struct netif *netif, u8_t *mac, u8_t maclen, ip_addr_t *ip);
       ^~~~~~~~~~~~~~~~~~~~~~~~~~~~
[124/257] gcc cross compiler obj/device/hisilicon/hispark_pegasus/hi3861_adapter/hals/communication/wifi_lite/wifiaware/source/libhal_wifiaware.hal_wifiaware.o
[125/257] gcc cross compiler obj/device/hisilicon/hispark_pegasus/hi3861_adapter/hals/iot_hardware/wifiiot_lite/libhal_iothardware.hal_iot_flash.o
[126/257] gcc cross compiler obj/device/hisilicon/hispark_pegasus/hi3861_adapter/hals/iot_hardware/wifiiot_lite/libhal_iothardware.hal_iot_gpio.o
[127/257] gcc cross compiler obj/device/hisilicon/hispark_pegasus/hi3861_adapter/hals/iot_hardware/wifiiot_lite/libhal_iothardware.hal_iot_i2c.o
../../../device/hisilicon/hispark_pegasus/hi3861_adapter/hals/iot_hardware/wifiiot_lite/hal_iot_i2c.c: In function 'IoTI2cWrite':
../../../device/hisilicon/hispark_pegasus/hi3861_adapter/hals/iot_hardware/wifiiot_lite/hal_iot_i2c.c:25:22: warning: assignment discards 'const' qualifier from pointer target type [-Wdiscarded-qualifiers]
     i2cData.send_buf = data;
                      ^
[128/257] gcc cross compiler obj/device/hisilicon/hispark_pegasus/hi3861_adapter/hals/iot_hardware/wifiiot_lite/libhal_iothardware.hal_iot_pwm.o
[129/257] gcc cross compiler obj/device/hisilicon/hispark_pegasus/hi3861_adapter/hals/iot_hardware/wifiiot_lite/libhal_iothardware.hal_iot_uart.o
[130/257] gcc cross compiler obj/device/hisilicon/hispark_pegasus/hi3861_adapter/hals/iot_hardware/wifiiot_lite/libhal_iothardware.hal_iot_watchdog.o
[131/257] gcc cross compiler obj/device/hisilicon/hispark_pegasus/hi3861_adapter/hals/iot_hardware/wifiiot_lite/libhal_iothardware.hal_lowpower.o
[132/257] STAMP obj/domains/iot/link/link.stamp
[133/257] gcc cross compiler obj/device/hisilicon/hispark_pegasus/hi3861_adapter/hals/communication/wifi_lite/wifiservice/source/libwifiservice.wifi_device.o
../../../device/hisilicon/hispark_pegasus/hi3861_adapter/hals/communication/wifi_lite/wifiservice/source/wifi_device.c:41:5: warning: braces around scalar initializer
     {0}, {0}, {0}, 0, WIFI_CONFIG_INVALID, 0, 0, UNKNOWN, {0, 0, {0, 0}, 0}
     ^
../../../device/hisilicon/hispark_pegasus/hi3861_adapter/hals/communication/wifi_lite/wifiservice/source/wifi_device.c:41:5: note: (near initialization for 'g_wifiConfigs[3].ssid[5]')
../../../device/hisilicon/hispark_pegasus/hi3861_adapter/hals/communication/wifi_lite/wifiservice/source/wifi_device.c:41:63: warning: excess elements in scalar initializer
     {0}, {0}, {0}, 0, WIFI_CONFIG_INVALID, 0, 0, UNKNOWN, {0, 0, {0, 0}, 0}
                                                               ^
../../../device/hisilicon/hispark_pegasus/hi3861_adapter/hals/communication/wifi_lite/wifiservice/source/wifi_device.c:41:63: note: (near initialization for 'g_wifiConfigs[3].ssid[5]')
../../../device/hisilicon/hispark_pegasus/hi3861_adapter/hals/communication/wifi_lite/wifiservice/source/wifi_device.c:41:5: warning: braces around scalar initializer
     {0}, {0}, {0}, 0, WIFI_CONFIG_INVALID, 0, 0, UNKNOWN, {0, 0, {0, 0}, 0}
     ^
../../../device/hisilicon/hispark_pegasus/hi3861_adapter/hals/communication/wifi_lite/wifiservice/source/wifi_device.c:41:5: note: (near initialization for 'g_wifiConfigs[3].ssid[5]')
../../../device/hisilicon/hispark_pegasus/hi3861_adapter/hals/communication/wifi_lite/wifiservice/source/wifi_device.c:41:70: warning: excess elements in scalar initializer
     {0}, {0}, {0}, 0, WIFI_CONFIG_INVALID, 0, 0, UNKNOWN, {0, 0, {0, 0}, 0}
                                                                      ^
../../../device/hisilicon/hispark_pegasus/hi3861_adapter/hals/communication/wifi_lite/wifiservice/source/wifi_device.c:41:70: note: (near initialization for 'g_wifiConfigs[3].ssid[5]')
../../../device/hisilicon/hispark_pegasus/hi3861_adapter/hals/communication/wifi_lite/wifiservice/source/wifi_device.c:41:66: warning: excess elements in scalar initializer
     {0}, {0}, {0}, 0, WIFI_CONFIG_INVALID, 0, 0, UNKNOWN, {0, 0, {0, 0}, 0}
                                                                  ^
../../../device/hisilicon/hispark_pegasus/hi3861_adapter/hals/communication/wifi_lite/wifiservice/source/wifi_device.c:41:66: note: (near initialization for 'g_wifiConfigs[3].ssid[5]')
../../../device/hisilicon/hispark_pegasus/hi3861_adapter/hals/communication/wifi_lite/wifiservice/source/wifi_device.c:41:74: warning: excess elements in scalar initializer
     {0}, {0}, {0}, 0, WIFI_CONFIG_INVALID, 0, 0, UNKNOWN, {0, 0, {0, 0}, 0}
                                                                          ^
../../../device/hisilicon/hispark_pegasus/hi3861_adapter/hals/communication/wifi_lite/wifiservice/source/wifi_device.c:41:74: note: (near initialization for 'g_wifiConfigs[3].ssid[5]')
../../../device/hisilicon/hispark_pegasus/hi3861_adapter/hals/communication/wifi_lite/wifiservice/source/wifi_device.c:42:1: warning: missing initializer for field 'bssid' of 'WifiDeviceConfig {aka struct WifiDeviceConfig}' [-Wmissing-field-initializers]
 };
 ^
In file included from ../../../foundation/communication/wifi_lite/interfaces/wifiservice/wifi_linked_info.h:40:0,
                 from ../../../foundation/communication/wifi_lite/interfaces/wifiservice/wifi_event.h:41,
                 from ../../../foundation/communication/wifi_lite/interfaces/wifiservice/wifi_device.h:41,
                 from ../../../device/hisilicon/hispark_pegasus/hi3861_adapter/hals/communication/wifi_lite/wifiservice/source/wifi_device.c:16:
../../../foundation/communication/wifi_lite/interfaces/wifiservice/wifi_device_config.h:161:19: note: 'bssid' declared here
     unsigned char bssid[WIFI_MAC_LEN];
                   ^~~~~
../../../device/hisilicon/hispark_pegasus/hi3861_adapter/hals/communication/wifi_lite/wifiservice/source/wifi_device.c:40:63: warning: missing braces around initializer [-Wmissing-braces]
 static WifiDeviceConfig g_wifiConfigs[WIFI_MAX_CONFIG_SIZE] = {
                                                               ^
     {0}, {0}, {0}, 0, WIFI_CONFIG_INVALID, 0, 0, UNKNOWN, {0, 0, {0, 0}, 0}
      {}   {}   {}  {
                    {
 };
 }
 }
../../../device/hisilicon/hispark_pegasus/hi3861_adapter/hals/communication/wifi_lite/wifiservice/source/wifi_device.c: In function 'StaSetLocaladdr':
../../../device/hisilicon/hispark_pegasus/hi3861_adapter/hals/communication/wifi_lite/wifiservice/source/wifi_device.c:165:29: warning: passing argument 1 of 'netifapi_netif_set_addr' discards 'const' qualifier from pointer target type [-Wdiscarded-qualifiers]
     netifapi_netif_set_addr(netif, &st_ipaddr, &st_netmask, &st_gw);
                             ^~~~~
In file included from ../../../device/hisilicon/hispark_pegasus/hi3861_adapter/hals/communication/wifi_lite/wifiservice/source/wifi_device.c:23:0:
../../../device/hisilicon/hispark_pegasus/sdk_liteos/third_party/lwip_sack/include/lwip/netifapi.h:402:7: note: expected 'struct netif *' but argument is of type 'const struct netif *'
 err_t netifapi_netif_set_addr(struct netif *netif,
       ^~~~~~~~~~~~~~~~~~~~~~~
../../../device/hisilicon/hispark_pegasus/hi3861_adapter/hals/communication/wifi_lite/wifiservice/source/wifi_device.c: In function 'StaSetDNSServer':
../../../device/hisilicon/hispark_pegasus/hi3861_adapter/hals/communication/wifi_lite/wifiservice/source/wifi_device.c:178:9: warning: implicit declaration of function 'lwip_dns_setserver'; did you mean 'nd_ns_reserved'? [-Wimplicit-function-declaration]
         lwip_dns_setserver(i, &tmp_dns_ser[i]);
         ^~~~~~~~~~~~~~~~~~
         nd_ns_reserved
[134/257] gcc cross compiler obj/device/hisilicon/hispark_pegasus/hi3861_adapter/hals/iot_hardware/wifiiot_lite/libhal_iothardware.hal_reset.o
[135/257] gcc cross compiler obj/device/hisilicon/hispark_pegasus/hi3861_adapter/hals/utils/file/src/libhal_file_static.hal_file.o
[136/257] gcc cross compiler obj/device/hisilicon/hispark_pegasus/hi3861_adapter/kal/cmsis/libcmsis.cmsis_liteos.o
[137/257] gcc cross compiler obj/device/hisilicon/hispark_pegasus/hi3861_adapter/kal/posix/src/libposix.libc.o
[138/257] STAMP obj/domains/iot/link/iot.stamp
[139/257] gcc cross compiler obj/device/hisilicon/hispark_pegasus/hi3861_adapter/kal/posix/src/libposix.pthread.o
[140/257] gcc cross compiler obj/device/hisilicon/hispark_pegasus/hi3861_adapter/kal/posix/src/libposix.pthread_attr.o
[141/257] gcc cross compiler obj/device/hisilicon/hispark_pegasus/hi3861_adapter/kal/posix/src/libposix.time.o
[142/257] gcc cross compiler obj/device/hisilicon/hispark_pegasus/hi3861_adapter/kal/posix/src/libposix.file.o
[143/257] gcc cross compiler obj/foundation/communication/softbus_lite/discovery/coap/source/libdiscovery.nstackx_device.o
[144/257] gcc cross compiler obj/foundation/communication/softbus_lite/discovery/discovery_service/source/libdiscovery.coap_service.o
[145/257] gcc cross compiler obj/foundation/communication/softbus_lite/discovery/discovery_service/source/libdiscovery.common_info_manager.o
[146/257] gcc cross compiler obj/foundation/communication/softbus_lite/discovery/discovery_service/source/libdiscovery.discovery_service.o
[147/257] gcc cross compiler obj/foundation/communication/softbus_lite/os_adapter/source/L0/libdiscovery.os_adapter.o
[148/257] gcc cross compiler obj/foundation/communication/softbus_lite/trans_service/source/libdistbus/libtrans_service.auth_conn_manager.o
[149/257] gcc cross compiler obj/foundation/communication/softbus_lite/authmanager/source/libauthmanager.auth_conn.o
[150/257] gcc cross compiler obj/foundation/communication/softbus_lite/authmanager/source/libauthmanager.auth_interface.o
[151/257] gcc cross compiler obj/foundation/communication/softbus_lite/authmanager/source/libauthmanager.bus_manager.o
[152/257] gcc cross compiler obj/foundation/communication/softbus_lite/authmanager/source/libauthmanager.msg_get_deviceid.o
[153/257] gcc cross compiler obj/foundation/communication/softbus_lite/authmanager/source/libauthmanager.wifi_auth_manager.o
[154/257] gcc cross compiler obj/foundation/communication/softbus_lite/discovery/coap/source/libdiscovery.coap_adapter.o
[155/257] gcc cross compiler obj/foundation/communication/softbus_lite/discovery/coap/source/libdiscovery.coap_discover.o
[156/257] gcc cross compiler obj/foundation/communication/softbus_lite/discovery/coap/source/libdiscovery.coap_socket.o
[157/257] gcc cross compiler obj/foundation/communication/softbus_lite/discovery/coap/source/libdiscovery.json_payload.o
[158/257] gcc cross compiler obj/foundation/distributedschedule/samgr_lite/samgr/adapter/cmsis/libsamgr_adapter.memory_adapter.o
[159/257] gcc cross compiler obj/foundation/communication/softbus_lite/discovery/coap/source/libdiscovery.nstackx_common.o
[160/257] gcc cross compiler obj/foundation/distributedschedule/samgr_lite/samgr/adapter/cmsis/libsamgr_adapter.queue_adapter.o
[161/257] gcc cross compiler obj/foundation/distributedschedule/samgr_lite/samgr/adapter/cmsis/libsamgr_adapter.thread_adapter.o
[162/257] gcc cross compiler obj/foundation/distributedschedule/samgr_lite/samgr/adapter/cmsis/libsamgr_adapter.time_adapter.o
[163/257] gcc cross compiler obj/foundation/distributedschedule/samgr_lite/samgr/source/libsamgr_source.common.o
[164/257] gcc cross compiler obj/foundation/distributedschedule/samgr_lite/samgr/source/libsamgr_source.feature.o
[165/257] gcc cross compiler obj/foundation/distributedschedule/samgr_lite/samgr/source/libsamgr_source.iunknown.o
[166/257] gcc cross compiler obj/foundation/distributedschedule/samgr_lite/communication/broadcast/source/libbroadcast.broadcast_service.o
[167/257] gcc cross compiler obj/foundation/distributedschedule/samgr_lite/communication/broadcast/source/libbroadcast.pub_sub_feature.o
[168/257] gcc cross compiler obj/foundation/distributedschedule/samgr_lite/communication/broadcast/source/libbroadcast.pub_sub_implement.o
[169/257] gcc cross compiler obj/foundation/communication/softbus_lite/trans_service/source/libdistbus/libtrans_service.tcp_session.o
[170/257] gcc cross compiler obj/foundation/communication/softbus_lite/trans_service/source/libdistbus/libtrans_service.tcp_session_manager.o
[171/257] gcc cross compiler obj/foundation/communication/softbus_lite/trans_service/source/libdistbus/libtrans_service.trans_lock.o
[172/257] gcc cross compiler obj/foundation/communication/softbus_lite/trans_service/source/utils/libtrans_service.message.o
[173/257] gcc cross compiler obj/foundation/communication/softbus_lite/trans_service/source/utils/libtrans_service.aes_gcm.o
[174/257] gcc cross compiler obj/foundation/communication/wifi_aware/frameworks/source/libwifiaware.wifiaware.o
[175/257] gcc cross compiler obj/foundation/communication/softbus_lite/trans_service/source/utils/libtrans_service.tcp_socket.o
[176/257] gcc cross compiler obj/foundation/distributedschedule/samgr_lite/samgr/source/libsamgr_source.message.o
[177/257] gcc cross compiler obj/foundation/distributedschedule/samgr_lite/samgr/source/libsamgr_source.service.o
[178/257] STAMP obj/prebuilts/lite/sysroot/sysroot.stamp
[179/257] COPY ../../../foundation/distributedschedule/samgr_lite/config/system_capability.json obj/foundation/distributedschedule/samgr_lite/config/system_capability.json
[180/257] gcc cross compiler obj/foundation/distributedschedule/samgr_lite/samgr/source/libsamgr_source.task_manager.o
[181/257] gcc cross compiler obj/utils/native/lite/file/src/file_impl_hal/libnative_file.file.o
[182/257] gcc cross compiler obj/foundation/distributedschedule/samgr_lite/samgr/source/libsamgr.samgr_lite.o
[183/257] gcc cross compiler obj/foundation/distributedschedule/samgr_lite/samgr/registry/libsamgr.service_registry.o
[184/257] STAMP obj/build/lite/prebuilts.stamp
[185/257] STAMP obj/foundation/distributedschedule/samgr_lite/ConfigFiles.stamp
[186/257] gcc cross compiler obj/utils/native/lite/kv_store/src/kvstore_common/libutils_kv_store.kvstore_common.o
[187/257] gcc cross compiler obj/utils/native/lite/kv_store/src/kvstore_impl_hal/libutils_kv_store.kv_store.o
[188/257] STAMP obj/vendor/hisilicon/hispark_pegasus/hispark_pegasus.stamp
[189/257] AR libs/libsoftbus_demo.a
[190/257] STAMP obj/applications/sample/wifi-iot/app/startup/startup.stamp
[191/257] AR libs/libeasy_wifi.a
[192/257] AR libs/libhelloworld.a
[193/257] AR libs/libwifi_demo.a
[194/257] gcc cross compiler obj/utils/native/lite/os_dump/libdump_static.dump_syspara.o
In file included from ../../../utils/native/lite/os_dump/dump_syspara.c:16:0:
../../../utils/native/lite/os_dump/dump_syspara.h:21:5: warning: function declaration isn't a prototype [-Wstrict-prototypes]
     char *(*getInfoValue)();
     ^~~~
../../../utils/native/lite/os_dump/dump_syspara.h:24:1: warning: function declaration isn't a prototype [-Wstrict-prototypes]
 int QuerySysparaCmd();
 ^~~
../../../utils/native/lite/os_dump/dump_syspara.c:26:20: warning: function declaration isn't a prototype [-Wstrict-prototypes]
 static const char* GetSdkApiLevel()
                    ^~~~~~~~~~~~~~
../../../utils/native/lite/os_dump/dump_syspara.c: In function 'GetSdkApiLevel':
../../../utils/native/lite/os_dump/dump_syspara.c:30:5: warning: implicit declaration of function 'sprintf_s'; did you mean 'sprintf'? [-Wimplicit-function-declaration]
     sprintf_s(sdkApiVersion, API_VERSION_LEN, "%d", sdkApi);
     ^~~~~~~~~
     sprintf
../../../utils/native/lite/os_dump/dump_syspara.c: At top level:
../../../utils/native/lite/os_dump/dump_syspara.c:34:20: warning: function declaration isn't a prototype [-Wstrict-prototypes]
 static const char* GetFirstApiLevel()
                    ^~~~~~~~~~~~~~~~
../../../utils/native/lite/os_dump/dump_syspara.c:43:20: warning: initialization from incompatible pointer type [-Wincompatible-pointer-types]
     {"DeviceType", GetDeviceType},
                    ^~~~~~~~~~~~~
../../../utils/native/lite/os_dump/dump_syspara.c:43:20: note: (near initialization for 'SYSPARA_LIST[0].getInfoValue')
../../../utils/native/lite/os_dump/dump_syspara.c:44:21: warning: initialization from incompatible pointer type [-Wincompatible-pointer-types]
     {"Manufacture", GetManufacture},
                     ^~~~~~~~~~~~~~
../../../utils/native/lite/os_dump/dump_syspara.c:44:21: note: (near initialization for 'SYSPARA_LIST[1].getInfoValue')
../../../utils/native/lite/os_dump/dump_syspara.c:45:15: warning: initialization from incompatible pointer type [-Wincompatible-pointer-types]
     {"Brand", GetBrand},
               ^~~~~~~~
../../../utils/native/lite/os_dump/dump_syspara.c:45:15: note: (near initialization for 'SYSPARA_LIST[2].getInfoValue')
../../../utils/native/lite/os_dump/dump_syspara.c:46:20: warning: initialization from incompatible pointer type [-Wincompatible-pointer-types]
     {"MarketName", GetMarketName},
                    ^~~~~~~~~~~~~
../../../utils/native/lite/os_dump/dump_syspara.c:46:20: note: (near initialization for 'SYSPARA_LIST[3].getInfoValue')
../../../utils/native/lite/os_dump/dump_syspara.c:47:23: warning: initialization from incompatible pointer type [-Wincompatible-pointer-types]
     {"ProductSeries", GetProductSeries},
                       ^~~~~~~~~~~~~~~~
../../../utils/native/lite/os_dump/dump_syspara.c:47:23: note: (near initialization for 'SYSPARA_LIST[4].getInfoValue')
../../../utils/native/lite/os_dump/dump_syspara.c:48:22: warning: initialization from incompatible pointer type [-Wincompatible-pointer-types]
     {"ProductModel", GetProductModel},
                      ^~~~~~~~~~~~~~~
../../../utils/native/lite/os_dump/dump_syspara.c:48:22: note: (near initialization for 'SYSPARA_LIST[5].getInfoValue')
../../../utils/native/lite/os_dump/dump_syspara.c:49:23: warning: initialization from incompatible pointer type [-Wincompatible-pointer-types]
     {"SoftwareModel", GetSoftwareModel},
                       ^~~~~~~~~~~~~~~~
../../../utils/native/lite/os_dump/dump_syspara.c:49:23: note: (near initialization for 'SYSPARA_LIST[6].getInfoValue')
../../../utils/native/lite/os_dump/dump_syspara.c:50:23: warning: initialization from incompatible pointer type [-Wincompatible-pointer-types]
     {"HardwareModel", GetHardwareModel},
                       ^~~~~~~~~~~~~~~~
../../../utils/native/lite/os_dump/dump_syspara.c:50:23: note: (near initialization for 'SYSPARA_LIST[7].getInfoValue')
../../../utils/native/lite/os_dump/dump_syspara.c:51:16: warning: initialization from incompatible pointer type [-Wincompatible-pointer-types]
     {"Serial", GetSerial},
                ^~~~~~~~~
../../../utils/native/lite/os_dump/dump_syspara.c:51:16: note: (near initialization for 'SYSPARA_LIST[8].getInfoValue')
../../../utils/native/lite/os_dump/dump_syspara.c:52:20: warning: initialization from incompatible pointer type [-Wincompatible-pointer-types]
     {"OSFullName", GetOSFullName},
                    ^~~~~~~~~~~~~
../../../utils/native/lite/os_dump/dump_syspara.c:52:20: note: (near initialization for 'SYSPARA_LIST[9].getInfoValue')
../../../utils/native/lite/os_dump/dump_syspara.c:53:24: warning: initialization from incompatible pointer type [-Wincompatible-pointer-types]
     {"DisplayVersion", GetDisplayVersion},
                        ^~~~~~~~~~~~~~~~~
../../../utils/native/lite/os_dump/dump_syspara.c:53:24: note: (near initialization for 'SYSPARA_LIST[10].getInfoValue')
../../../utils/native/lite/os_dump/dump_syspara.c:54:27: warning: initialization from incompatible pointer type [-Wincompatible-pointer-types]
     {"BootloaderVersion", GetBootloaderVersion},
                           ^~~~~~~~~~~~~~~~~~~~
../../../utils/native/lite/os_dump/dump_syspara.c:54:27: note: (near initialization for 'SYSPARA_LIST[11].getInfoValue')
../../../utils/native/lite/os_dump/dump_syspara.c:55:29: warning: initialization from incompatible pointer type [-Wincompatible-pointer-types]
     {"GetSecurityPatchTag", GetSecurityPatchTag},
                             ^~~~~~~~~~~~~~~~~~~
../../../utils/native/lite/os_dump/dump_syspara.c:55:29: note: (near initialization for 'SYSPARA_LIST[12].getInfoValue')
../../../utils/native/lite/os_dump/dump_syspara.c:56:17: warning: initialization from incompatible pointer type [-Wincompatible-pointer-types]
     {"AbiList", GetAbiList},
                 ^~~~~~~~~~
../../../utils/native/lite/os_dump/dump_syspara.c:56:17: note: (near initialization for 'SYSPARA_LIST[13].getInfoValue')
../../../utils/native/lite/os_dump/dump_syspara.c:57:23: warning: initialization from incompatible pointer type [-Wincompatible-pointer-types]
     {"SdkApiVersion", GetSdkApiLevel},
                       ^~~~~~~~~~~~~~
../../../utils/native/lite/os_dump/dump_syspara.c:57:23: note: (near initialization for 'SYSPARA_LIST[14].getInfoValue')
../../../utils/native/lite/os_dump/dump_syspara.c:58:25: warning: initialization from incompatible pointer type [-Wincompatible-pointer-types]
     {"FirstApiVersion", GetFirstApiLevel},
                         ^~~~~~~~~~~~~~~~
../../../utils/native/lite/os_dump/dump_syspara.c:58:25: note: (near initialization for 'SYSPARA_LIST[15].getInfoValue')
../../../utils/native/lite/os_dump/dump_syspara.c:59:28: warning: initialization from incompatible pointer type [-Wincompatible-pointer-types]
     {"IncrementalVersion", GetIncrementalVersion},
                            ^~~~~~~~~~~~~~~~~~~~~
../../../utils/native/lite/os_dump/dump_syspara.c:59:28: note: (near initialization for 'SYSPARA_LIST[16].getInfoValue')
../../../utils/native/lite/os_dump/dump_syspara.c:60:19: warning: initialization from incompatible pointer type [-Wincompatible-pointer-types]
     {"VersionId", GetVersionId},
                   ^~~~~~~~~~~~
../../../utils/native/lite/os_dump/dump_syspara.c:60:19: note: (near initialization for 'SYSPARA_LIST[17].getInfoValue')
../../../utils/native/lite/os_dump/dump_syspara.c:61:19: warning: initialization from incompatible pointer type [-Wincompatible-pointer-types]
     {"BuildType", GetBuildType},
                   ^~~~~~~~~~~~
../../../utils/native/lite/os_dump/dump_syspara.c:61:19: note: (near initialization for 'SYSPARA_LIST[18].getInfoValue')
../../../utils/native/lite/os_dump/dump_syspara.c:62:19: warning: initialization from incompatible pointer type [-Wincompatible-pointer-types]
     {"BuildUser", GetBuildUser},
                   ^~~~~~~~~~~~
../../../utils/native/lite/os_dump/dump_syspara.c:62:19: note: (near initialization for 'SYSPARA_LIST[19].getInfoValue')
../../../utils/native/lite/os_dump/dump_syspara.c:63:19: warning: initialization from incompatible pointer type [-Wincompatible-pointer-types]
     {"BuildHost", GetBuildHost},
                   ^~~~~~~~~~~~
../../../utils/native/lite/os_dump/dump_syspara.c:63:19: note: (near initialization for 'SYSPARA_LIST[20].getInfoValue')
../../../utils/native/lite/os_dump/dump_syspara.c:64:19: warning: initialization from incompatible pointer type [-Wincompatible-pointer-types]
     {"BuildTime", GetBuildTime},
                   ^~~~~~~~~~~~
../../../utils/native/lite/os_dump/dump_syspara.c:64:19: note: (near initialization for 'SYSPARA_LIST[21].getInfoValue')
../../../utils/native/lite/os_dump/dump_syspara.c:65:23: warning: initialization from incompatible pointer type [-Wincompatible-pointer-types]
     {"BuildRootHash", GetBuildRootHash},
                       ^~~~~~~~~~~~~~~~
../../../utils/native/lite/os_dump/dump_syspara.c:65:23: note: (near initialization for 'SYSPARA_LIST[22].getInfoValue')
../../../utils/native/lite/os_dump/dump_syspara.c:68:5: warning: function declaration isn't a prototype [-Wstrict-prototypes]
 int QuerySysparaCmd()
     ^~~~~~~~~~~~~~~
[195/257] AR libs/libhidumper_mini.a
[196/257] AR libs/libhiview_lite.a
[197/257] AR libs/libbootstrap.a
[198/257] STAMP obj/applications/sample/wifi-iot/app/app.stamp
[199/257] AR libs/libblackbox.a
[200/257] STAMP obj/build/lite/product.stamp
[201/257] AR libs/libhievent_lite.a
[202/257] AR libs/libhuks_3.0_sdk.a
[203/257] AR libs/libhilog_lite.a
[204/257] AR libs/libhal_iothardware.a
[205/257] AR libs/libcjson_static.a
[206/257] AR libs/libwifiservice.a
[207/257] AR libs/libhal_wifiaware.a
[208/257] STAMP obj/base/security/huks/frameworks/huks_lite/huks_sdk.stamp
[209/257] STAMP obj/base/hiviewdfx/hilog_lite/frameworks/mini/hilog_lite_ndk.stamp
[210/257] STAMP obj/base/iot_hardware/peripheral/iothardware.stamp
[211/257] STAMP obj/base/iot_hardware/peripheral/iothardware_ndk.stamp
[212/257] STAMP obj/build/lite/config/component/cJSON/cjson_ndk.stamp
[213/257] STAMP obj/device/hisilicon/hispark_pegasus/hi3861_adapter/hals/communication/wifi_lite/wifiservice/wifiservice_ndk.stamp
[214/257] AR libs/libhichainsdk.a
[215/257] AR libs/libhal_update_static.a
[216/257] AR libs/libhal_file_static.a
[217/257] AR libs/libposix.a
[218/257] AR libs/libcmsis.a
[219/257] AR libs/libauthmanager.a
[220/257] STAMP obj/base/security/deviceauth/frameworks/deviceauth_lite/hichainsdk.stamp
[221/257] AR libs/libsamgr_adapter.a
[222/257] AR libs/libdiscovery.a
[223/257] STAMP obj/device/hisilicon/hispark_pegasus/hi3861_adapter/kal/kal.stamp
[224/257] AR libs/libtrans_service.a
[225/257] STAMP obj/foundation/communication/wifi_lite/wifi.stamp
[226/257] AR libs/libwifiaware.a
[227/257] AR libs/libbroadcast.a
[228/257] STAMP obj/foundation/communication/softbus_lite/discovery_ndk.stamp
[229/257] STAMP obj/device/hisilicon/hispark_pegasus/sdk_liteos/sdk.stamp
[230/257] STAMP obj/foundation/communication/softbus_lite/softbus.stamp
[231/257] STAMP obj/foundation/communication/softbus_lite/trans_service_ndk.stamp
[232/257] AR libs/libsamgr_source.a
[233/257] AR libs/libutils_kv_store.a
[234/257] STAMP obj/device/hisilicon/hispark_pegasus/sdk_liteos/wifiiot_sdk.stamp
[235/257] STAMP obj/foundation/communication/softbus_lite/softbus_lite_ndk.stamp
[236/257] gcc cross compiler obj/vendor/hisilicon/hispark_pegasus/hals/utils/token/libhal_token_static.hal_token.o
[237/257] AR libs/libsamgr.a
[238/257] AR libs/libnative_file.a
[239/257] STAMP obj/utils/native/lite/kv_store/kv_store.stamp
[240/257] STAMP obj/foundation/distributedschedule/samgr_lite/samgr.stamp
[241/257] STAMP obj/foundation/distributedschedule/samgr_lite/samgr_lite_ndk.stamp
[242/257] STAMP obj/utils/native/lite/file/file.stamp
[243/257] AR libs/libhal_token_static.a
[244/257] AR libs/libtoken_static.a
[245/257] STAMP obj/base/startup/syspara_lite/frameworks/token/token.stamp
[246/257] gcc cross compiler obj/vendor/hisilicon/hispark_pegasus/hals/utils/sys_param/libhal_sysparam.hal_sys_param.o
../../../vendor/hisilicon/hispark_pegasus/hals/utils/sys_param/hal_sys_param.c:33:19: warning: 'EMPTY_STR' defined but not used [-Wunused-const-variable=]
 static const char EMPTY_STR[] = {""};
                   ^~~~~~~~~
[247/257] AR libs/libhal_sysparam.a
[248/257] AR libs/libsysparam.a
[249/257] STAMP obj/base/startup/syspara_lite/frameworks/parameter/parameter_notes.stamp
[250/257] AR libs/libhota.a
[251/257] AR libs/libdump_static.a
[252/257] STAMP obj/utils/native/lite/os_dump/utils_os_dump.stamp
[253/257] STAMP obj/base/startup/syspara_lite/frameworks/parameter/parameter.stamp
[254/257] STAMP obj/base/update/ota_lite/frameworks/ota_lite.stamp
[255/257] STAMP obj/build/lite/ohos.stamp
[256/257] ACTION //device/hisilicon/hispark_pegasus/sdk_liteos:run_wifiiot_scons(//build/lite/toolchain:riscv32-unknown-elf)
[257/257] STAMP obj/device/hisilicon/hispark_pegasus/sdk_liteos/run_wifiiot_scons.stamp
